[2025-05-26 19:51:23,991] INFO: Found credentials in shared credentials file: ~/.aws/credentials
[2025-05-26 19:51:24,136] INFO: Iniciando aplicação de reconhecimento facial em tempo real...
[2025-05-26 19:51:24,136] INFO: Verificando setup do AWS Rekognition...
[2025-05-26 19:51:24,136] INFO: Região AWS configurada: us-east-1
[2025-05-26 19:51:24,136] INFO: ID da Coleção configurado: sala_de_aula
[2025-05-26 19:51:24,136] INFO: Tentando listar coleções para testar a conexão e permissões básicas...
[2025-05-26 19:51:25,533] INFO: Conexão bem-sucedida! Coleções Rekognition existentes: ['sala_de_aula']
[2025-05-26 19:51:25,557] INFO: Verificando se a coleção 'sala_de_aula' existe...
[2025-05-26 19:51:26,030] INFO: Coleção 'sala_de_aula' encontrada e acessível.
[2025-05-26 19:51:26,032] INFO: Setup da AWS verificado com sucesso. Iniciando reconhecimento...
[2025-05-26 19:52:11,902] WARNING: Nenhum rosto conhecido encontrado no frame atual.
[2025-05-26 19:52:12,616] WARNING: Nenhum rosto detectado no frame pelo Rekognition. Continuando...
[2025-05-26 19:52:15,083] INFO: Aluno reconhecido: Gustavo_Falci
[2025-05-26 19:52:15,898] INFO: Aluno reconhecido: Gustavo_Falci
[2025-05-26 19:52:16,643] INFO: Aluno reconhecido: Gustavo_Falci
[2025-05-26 19:52:17,743] INFO: Aluno reconhecido: Gustavo_Falci
[2025-05-26 19:52:18,684] INFO: Aluno reconhecido: Gustavo_Falci
[2025-05-26 19:52:19,836] INFO: Aluno reconhecido: Gustavo_Falci
[2025-05-26 19:52:20,734] WARNING: Nenhum rosto detectado no frame pelo Rekognition. Continuando...
[2025-05-26 19:52:23,672] INFO: Aluno reconhecido: Bruno_Silvestre
[2025-05-26 19:52:24,185] INFO: Aluno reconhecido: Bruno_Silvestre
[2025-05-26 19:52:26,248] INFO: Aluno reconhecido: Bruno_Silvestre
[2025-05-26 19:52:28,124] INFO: Tecla ESC pressionada. Encerrando aplicação...
[2025-05-26 19:52:28,124] INFO: Aguardando a thread de processamento do Rekognition finalizar...
[2025-05-26 19:52:28,900] INFO: Aluno reconhecido: Bruno_Silvestre
[2025-05-26 19:52:29,319] INFO: Câmera liberada e janelas destruídas.
[2025-05-26 19:52:29,319] INFO: Relatório CSV salvo como c:\Users\itconsol\Downloads\ProjetoReconhecimento\BackEnd\Relatorios\relatorio_presenca_2025-05-26_19-51.csv
[2025-05-26 19:52:29,328] INFO: Relatório JSON salvo como c:\Users\itconsol\Downloads\ProjetoReconhecimento\BackEnd\Relatorios\relatorio_presenca_2025-05-26_19-51.json
[2025-05-26 19:52:29,329] INFO: Aplicação encerrada.
