[2025-05-22 10:17:14,593] INFO: Found credentials in shared credentials file: ~/.aws/credentials
[2025-05-22 10:17:14,781] INFO: Iniciando aplicação de reconhecimento facial em tempo real...
[2025-05-22 10:17:14,781] INFO: Verificando setup do AWS Rekognition...
[2025-05-22 10:17:14,781] INFO: Região AWS configurada: us-east-1
[2025-05-22 10:17:14,781] INFO: ID da Coleção configurado: sala_de_aula
[2025-05-22 10:17:14,782] INFO: Tentando listar coleções para testar a conexão e permissões básicas...
[2025-05-22 10:17:15,708] INFO: Conexão bem-sucedida! Coleções Rekognition existentes: ['sala_de_aula']
[2025-05-22 10:17:15,710] INFO: Verificando se a coleção 'sala_de_aula' existe...
[2025-05-22 10:17:15,899] INFO: Coleção 'sala_de_aula' encontrada e acessível.
[2025-05-22 10:17:15,900] INFO: Setup da AWS verificado com sucesso. Iniciando reconhecimento...
[2025-05-22 10:18:02,923] WARNING: Nenhum rosto detectado no frame pelo Rekognition. Continuando...
[2025-05-22 10:18:04,694] WARNING: Nenhum rosto detectado no frame pelo Rekognition. Continuando...
[2025-05-22 10:18:06,297] WARNING: Nenhum rosto detectado no frame pelo Rekognition. Continuando...
[2025-05-22 10:18:07,655] WARNING: Nenhum rosto detectado no frame pelo Rekognition. Continuando...
[2025-05-22 10:18:09,268] WARNING: Nenhum rosto detectado no frame pelo Rekognition. Continuando...
[2025-05-22 10:18:10,700] INFO: Aluno reconhecido: Gustavo_Falci
[2025-05-22 10:18:14,797] INFO: Aluno reconhecido: Gustavo_Falci
[2025-05-22 10:18:15,428] INFO: Aluno reconhecido: Gustavo_Falci
[2025-05-22 10:18:17,024] INFO: Aluno reconhecido: Gustavo_Falci
[2025-05-22 10:18:17,678] WARNING: Nenhum rosto detectado no frame pelo Rekognition. Continuando...
[2025-05-22 10:18:19,707] WARNING: Nenhum rosto conhecido encontrado no frame atual.
[2025-05-22 10:18:20,128] WARNING: Nenhum rosto conhecido encontrado no frame atual.
[2025-05-22 10:18:21,079] WARNING: Nenhum rosto detectado no frame pelo Rekognition. Continuando...
[2025-05-22 10:18:23,488] WARNING: Nenhum rosto conhecido encontrado no frame atual.
[2025-05-22 10:18:24,154] WARNING: Nenhum rosto conhecido encontrado no frame atual.
[2025-05-22 10:18:25,272] WARNING: Nenhum rosto conhecido encontrado no frame atual.
[2025-05-22 10:18:26,224] WARNING: Nenhum rosto conhecido encontrado no frame atual.
[2025-05-22 10:18:27,264] WARNING: Nenhum rosto conhecido encontrado no frame atual.
[2025-05-22 10:18:28,321] WARNING: Nenhum rosto conhecido encontrado no frame atual.
[2025-05-22 10:18:29,498] WARNING: Nenhum rosto conhecido encontrado no frame atual.
[2025-05-22 10:18:30,605] WARNING: Nenhum rosto conhecido encontrado no frame atual.
[2025-05-22 10:18:31,604] WARNING: Nenhum rosto conhecido encontrado no frame atual.
[2025-05-22 10:18:32,557] WARNING: Nenhum rosto conhecido encontrado no frame atual.
[2025-05-22 10:18:33,633] WARNING: Nenhum rosto conhecido encontrado no frame atual.
[2025-05-22 10:18:34,829] WARNING: Nenhum rosto conhecido encontrado no frame atual.
[2025-05-22 10:18:36,796] INFO: Aluno reconhecido: Gustavo_Falci
[2025-05-22 10:18:38,282] INFO: Aluno reconhecido: Gustavo_Falci
[2025-05-22 10:18:39,636] INFO: Aluno reconhecido: Gustavo_Falci
[2025-05-22 10:18:40,847] INFO: Aluno reconhecido: Gustavo_Falci
[2025-05-22 10:18:42,108] INFO: Aluno reconhecido: Gustavo_Falci
[2025-05-22 10:18:43,497] WARNING: Nenhum rosto conhecido encontrado no frame atual.
[2025-05-22 10:18:45,189] WARNING: Nenhum rosto conhecido encontrado no frame atual.
[2025-05-22 10:18:46,281] INFO: Aluno reconhecido: Gustavo_Falci
[2025-05-22 10:18:47,561] INFO: Aluno reconhecido: Gustavo_Falci
[2025-05-22 10:18:48,930] INFO: Aluno reconhecido: Gustavo_Falci
[2025-05-22 10:18:50,149] WARNING: Nenhum rosto conhecido encontrado no frame atual.
[2025-05-22 10:18:51,195] WARNING: Nenhum rosto conhecido encontrado no frame atual.
[2025-05-22 10:18:52,060] WARNING: Nenhum rosto conhecido encontrado no frame atual.
[2025-05-22 10:18:53,064] WARNING: Nenhum rosto conhecido encontrado no frame atual.
[2025-05-22 10:18:54,031] WARNING: Nenhum rosto conhecido encontrado no frame atual.
[2025-05-22 10:18:55,149] WARNING: Nenhum rosto conhecido encontrado no frame atual.
[2025-05-22 10:18:56,188] INFO: Aluno reconhecido: Gustavo_Falci
[2025-05-22 10:18:57,079] INFO: Aluno reconhecido: Gustavo_Falci
[2025-05-22 10:18:58,187] INFO: Aluno reconhecido: Gustavo_Falci
[2025-05-22 10:18:59,188] INFO: Aluno reconhecido: Gustavo_Falci
[2025-05-22 10:19:00,180] INFO: Aluno reconhecido: Gustavo_Falci
[2025-05-22 10:19:01,333] INFO: Aluno reconhecido: Gustavo_Falci
[2025-05-22 10:19:02,309] INFO: Aluno reconhecido: Gustavo_Falci
[2025-05-22 10:19:03,390] WARNING: Nenhum rosto conhecido encontrado no frame atual.
[2025-05-22 10:19:04,492] WARNING: Nenhum rosto conhecido encontrado no frame atual.
[2025-05-22 10:19:05,330] INFO: Aluno reconhecido: Gustavo_Falci
[2025-05-22 10:19:06,407] INFO: Aluno reconhecido: Gustavo_Falci
[2025-05-22 10:19:07,445] INFO: Aluno reconhecido: Gustavo_Falci
[2025-05-22 10:19:08,674] INFO: Aluno reconhecido: Gustavo_Falci
[2025-05-22 10:19:09,498] INFO: Aluno reconhecido: Gustavo_Falci
[2025-05-22 10:19:10,384] INFO: Aluno reconhecido: Gustavo_Falci
[2025-05-22 10:19:11,544] WARNING: Nenhum rosto detectado no frame pelo Rekognition. Continuando...
[2025-05-22 10:19:13,696] WARNING: Nenhum rosto conhecido encontrado no frame atual.
[2025-05-22 10:19:14,198] WARNING: Nenhum rosto conhecido encontrado no frame atual.
[2025-05-22 10:19:15,079] WARNING: Nenhum rosto conhecido encontrado no frame atual.
[2025-05-22 10:19:16,596] WARNING: Nenhum rosto conhecido encontrado no frame atual.
[2025-05-22 10:19:17,195] INFO: Aluno reconhecido: Gustavo_Falci
[2025-05-22 10:19:18,161] WARNING: Nenhum rosto detectado no frame pelo Rekognition. Continuando...
[2025-05-22 10:19:18,729] INFO: Tecla ESC pressionada. Encerrando aplicação...
[2025-05-22 10:19:18,730] INFO: Aguardando a thread de processamento do Rekognition finalizar...
[2025-05-22 10:19:19,165] INFO: Câmera liberada e janelas destruídas.
[2025-05-22 10:19:19,236] INFO: Relatório CSV salvo como c:\Users\itconsol\Downloads\ProjetoReconhecimento\BackEnd\Relatorios\relatorio_presenca_2025-05-22_10-17.csv
[2025-05-22 10:19:19,241] INFO: Relatório JSON salvo como c:\Users\itconsol\Downloads\ProjetoReconhecimento\BackEnd\Relatorios\relatorio_presenca_2025-05-22_10-17.json
[2025-05-22 10:19:19,246] INFO: Aplicação encerrada.
