[2025-05-22 13:54:55,305] INFO: Found credentials in shared credentials file: ~/.aws/credentials
[2025-05-22 13:54:55,682] INFO: Iniciando aplicação de reconhecimento facial em tempo real...
[2025-05-22 13:54:55,682] INFO: Verificando setup do AWS Rekognition...
[2025-05-22 13:54:55,682] INFO: Região AWS configurada: us-east-1
[2025-05-22 13:54:55,682] INFO: ID da Coleção configurado: sala_de_aula
[2025-05-22 13:54:55,682] INFO: Tentando listar coleções para testar a conexão e permissões básicas...
[2025-05-22 13:54:56,668] INFO: Conexão bem-sucedida! Coleções Rekognition existentes: ['sala_de_aula']
[2025-05-22 13:54:56,668] INFO: Verificando se a coleção 'sala_de_aula' existe...
[2025-05-22 13:54:56,847] INFO: Coleção 'sala_de_aula' encontrada e acessível.
[2025-05-22 13:54:56,847] INFO: Setup da AWS verificado com sucesso. Iniciando reconhecimento...
[2025-05-22 13:55:45,083] WARNING: Nenhum rosto detectado no frame pelo Rekognition. Continuando...
[2025-05-22 13:55:46,943] WARNING: Nenhum rosto detectado no frame pelo Rekognition. Continuando...
[2025-05-22 13:55:48,518] INFO: Aluno reconhecido: Gustavo_Falci
[2025-05-22 13:55:49,623] INFO: Aluno reconhecido: Gustavo_Falci
[2025-05-22 13:55:50,002] WARNING: Nenhum rosto detectado no frame pelo Rekognition. Continuando...
[2025-05-22 13:55:52,234] WARNING: Nenhum rosto conhecido encontrado no frame atual.
[2025-05-22 13:55:52,777] INFO: Aluno reconhecido: Gustavo_Falci
[2025-05-22 13:55:53,625] WARNING: Nenhum rosto detectado no frame pelo Rekognition. Continuando...
[2025-05-22 13:55:55,831] INFO: Aluno reconhecido: Gustavo_Falci
[2025-05-22 13:55:56,187] WARNING: Nenhum rosto detectado no frame pelo Rekognition. Continuando...
[2025-05-22 13:55:58,315] WARNING: Nenhum rosto detectado no frame pelo Rekognition. Continuando...
[2025-05-22 13:55:59,666] WARNING: Nenhum rosto detectado no frame pelo Rekognition. Continuando...
[2025-05-22 13:56:01,035] WARNING: Nenhum rosto detectado no frame pelo Rekognition. Continuando...
[2025-05-22 13:56:02,879] INFO: Aluno reconhecido: Gustavo_Falci
[2025-05-22 13:56:03,466] INFO: Aluno reconhecido: Gustavo_Falci
[2025-05-22 13:56:04,529] INFO: Aluno reconhecido: Gustavo_Falci
[2025-05-22 13:56:05,506] INFO: Aluno reconhecido: Gustavo_Falci
[2025-05-22 13:56:06,630] INFO: Aluno reconhecido: Gustavo_Falci
[2025-05-22 13:56:07,511] INFO: Aluno reconhecido: Gustavo_Falci
[2025-05-22 13:56:08,653] INFO: Aluno reconhecido: Gustavo_Falci
[2025-05-22 13:56:09,620] INFO: Aluno reconhecido: Gustavo_Falci
[2025-05-22 13:56:10,761] INFO: Aluno reconhecido: Gustavo_Falci
[2025-05-22 13:56:11,896] INFO: Aluno reconhecido: Gustavo_Falci
[2025-05-22 13:56:12,763] INFO: Aluno reconhecido: Gustavo_Falci
[2025-05-22 13:56:14,027] INFO: Aluno reconhecido: Gustavo_Falci
[2025-05-22 13:56:14,932] WARNING: Nenhum rosto conhecido encontrado no frame atual.
[2025-05-22 13:56:15,917] INFO: Aluno reconhecido: Gustavo_Falci
[2025-05-22 13:56:17,561] INFO: Aluno reconhecido: Gustavo_Falci
[2025-05-22 13:56:18,195] INFO: Aluno reconhecido: Gustavo_Falci
[2025-05-22 13:56:19,109] INFO: Aluno reconhecido: Gustavo_Falci
[2025-05-22 13:56:20,100] INFO: Aluno reconhecido: Gustavo_Falci
[2025-05-22 13:56:21,195] INFO: Aluno reconhecido: Gustavo_Falci
[2025-05-22 13:56:22,282] INFO: Aluno reconhecido: Gustavo_Falci
[2025-05-22 13:56:23,366] INFO: Aluno reconhecido: Gustavo_Falci
[2025-05-22 13:56:24,474] INFO: Aluno reconhecido: Gustavo_Falci
[2025-05-22 13:56:25,578] INFO: Aluno reconhecido: Gustavo_Falci
[2025-05-22 13:56:26,485] INFO: Aluno reconhecido: Gustavo_Falci
[2025-05-22 13:56:27,587] INFO: Aluno reconhecido: Gustavo_Falci
[2025-05-22 13:56:28,667] INFO: Aluno reconhecido: Gustavo_Falci
[2025-05-22 13:56:29,670] INFO: Aluno reconhecido: Gustavo_Falci
[2025-05-22 13:56:30,666] INFO: Aluno reconhecido: Gustavo_Falci
[2025-05-22 13:56:31,654] INFO: Aluno reconhecido: Gustavo_Falci
[2025-05-22 13:56:32,754] INFO: Aluno reconhecido: Gustavo_Falci
[2025-05-22 13:56:33,853] INFO: Aluno reconhecido: Gustavo_Falci
[2025-05-22 13:56:34,934] INFO: Aluno reconhecido: Gustavo_Falci
[2025-05-22 13:56:36,676] WARNING: Nenhum rosto detectado no frame pelo Rekognition. Continuando...
[2025-05-22 13:56:38,079] WARNING: Nenhum rosto detectado no frame pelo Rekognition. Continuando...
[2025-05-22 13:56:39,532] WARNING: Nenhum rosto detectado no frame pelo Rekognition. Continuando...
[2025-05-22 13:56:40,913] WARNING: Nenhum rosto detectado no frame pelo Rekognition. Continuando...
[2025-05-22 13:56:42,310] WARNING: Nenhum rosto detectado no frame pelo Rekognition. Continuando...
[2025-05-22 13:56:43,815] WARNING: Nenhum rosto detectado no frame pelo Rekognition. Continuando...
[2025-05-22 13:56:45,191] WARNING: Nenhum rosto detectado no frame pelo Rekognition. Continuando...
[2025-05-22 13:56:46,595] INFO: Aluno reconhecido: Gustavo_Falci
[2025-05-22 13:56:47,111] INFO: Aluno reconhecido: Gustavo_Falci
[2025-05-22 13:56:48,040] INFO: Aluno reconhecido: Gustavo_Falci
[2025-05-22 13:56:49,043] INFO: Aluno reconhecido: Gustavo_Falci
[2025-05-22 13:56:50,043] INFO: Aluno reconhecido: Gustavo_Falci
[2025-05-22 13:56:51,130] INFO: Aluno reconhecido: Gustavo_Falci
[2025-05-22 13:56:52,239] INFO: Aluno reconhecido: Gustavo_Falci
[2025-05-22 13:56:53,227] INFO: Aluno reconhecido: Gustavo_Falci
[2025-05-22 13:56:54,283] WARNING: Nenhum rosto detectado no frame pelo Rekognition. Continuando...
[2025-05-22 13:56:56,670] WARNING: Nenhum rosto detectado no frame pelo Rekognition. Continuando...
[2025-05-22 13:56:58,189] WARNING: Nenhum rosto detectado no frame pelo Rekognition. Continuando...
[2025-05-22 13:56:59,663] WARNING: Nenhum rosto detectado no frame pelo Rekognition. Continuando...
[2025-05-22 13:57:01,489] WARNING: Nenhum rosto detectado no frame pelo Rekognition. Continuando...
[2025-05-22 13:57:02,987] INFO: Aluno reconhecido: Gustavo_Falci
[2025-05-22 13:57:04,068] WARNING: Nenhum rosto conhecido encontrado no frame atual.
[2025-05-22 13:57:04,622] WARNING: Nenhum rosto conhecido encontrado no frame atual.
[2025-05-22 13:57:05,568] WARNING: Nenhum rosto conhecido encontrado no frame atual.
[2025-05-22 13:57:06,751] WARNING: Nenhum rosto conhecido encontrado no frame atual.
[2025-05-22 13:57:07,684] WARNING: Nenhum rosto conhecido encontrado no frame atual.
[2025-05-22 13:57:08,717] WARNING: Nenhum rosto conhecido encontrado no frame atual.
[2025-05-22 13:57:09,701] WARNING: Nenhum rosto conhecido encontrado no frame atual.
[2025-05-22 13:57:10,817] INFO: Aluno reconhecido: Gustavo_Falci
[2025-05-22 13:57:11,815] WARNING: Nenhum rosto conhecido encontrado no frame atual.
[2025-05-22 13:57:12,924] WARNING: Nenhum rosto conhecido encontrado no frame atual.
[2025-05-22 13:57:13,936] INFO: Aluno reconhecido: Gustavo_Falci
[2025-05-22 13:57:15,469] WARNING: Nenhum rosto detectado no frame pelo Rekognition. Continuando...
[2025-05-22 13:57:17,717] WARNING: Nenhum rosto detectado no frame pelo Rekognition. Continuando...
[2025-05-22 13:57:20,021] WARNING: Nenhum rosto detectado no frame pelo Rekognition. Continuando...
[2025-05-22 13:57:21,600] WARNING: Nenhum rosto detectado no frame pelo Rekognition. Continuando...
[2025-05-22 13:57:22,939] WARNING: Nenhum rosto detectado no frame pelo Rekognition. Continuando...
[2025-05-22 13:57:24,335] INFO: Aluno reconhecido: Gustavo_Falci
[2025-05-22 13:57:24,864] INFO: Aluno reconhecido: Gustavo_Falci
[2025-05-22 13:57:25,771] INFO: Aluno reconhecido: Gustavo_Falci
[2025-05-22 13:57:26,882] INFO: Aluno reconhecido: Gustavo_Falci
[2025-05-22 13:57:27,770] INFO: Aluno reconhecido: Gustavo_Falci
[2025-05-22 13:57:28,932] INFO: Aluno reconhecido: Gustavo_Falci
[2025-05-22 13:57:29,950] WARNING: Nenhum rosto conhecido encontrado no frame atual.
[2025-05-22 13:57:30,948] INFO: Aluno reconhecido: Gustavo_Falci
[2025-05-22 13:57:32,048] INFO: Aluno reconhecido: Gustavo_Falci
[2025-05-22 13:57:33,064] INFO: Aluno reconhecido: Gustavo_Falci
[2025-05-22 13:57:34,031] WARNING: Nenhum rosto detectado no frame pelo Rekognition. Continuando...
[2025-05-22 13:57:36,338] INFO: Aluno reconhecido: Gustavo_Falci
[2025-05-22 13:57:36,866] WARNING: Nenhum rosto conhecido encontrado no frame atual.
[2025-05-22 13:57:37,781] INFO: Aluno reconhecido: Gustavo_Falci
[2025-05-22 13:57:38,797] INFO: Aluno reconhecido: Gustavo_Falci
[2025-05-22 13:57:40,472] INFO: Aluno reconhecido: Gustavo_Falci
[2025-05-22 13:57:40,822] WARNING: Nenhum rosto detectado no frame pelo Rekognition. Continuando...
[2025-05-22 13:57:43,251] WARNING: Nenhum rosto conhecido encontrado no frame atual.
[2025-05-22 13:57:44,048] WARNING: Nenhum rosto conhecido encontrado no frame atual.
[2025-05-22 13:57:45,190] WARNING: Nenhum rosto conhecido encontrado no frame atual.
[2025-05-22 13:57:46,196] WARNING: Nenhum rosto conhecido encontrado no frame atual.
[2025-05-22 13:57:47,532] INFO: Aluno reconhecido: Gustavo_Falci
[2025-05-22 13:57:48,475] INFO: Aluno reconhecido: Gustavo_Falci
[2025-05-22 13:57:49,931] INFO: Aluno reconhecido: Gustavo_Falci
[2025-05-22 13:57:50,863] INFO: Aluno reconhecido: Gustavo_Falci
[2025-05-22 13:57:51,612] WARNING: Nenhum rosto conhecido encontrado no frame atual.
[2025-05-22 13:57:52,838] WARNING: Nenhum rosto conhecido encontrado no frame atual.
[2025-05-22 13:57:54,320] INFO: Aluno reconhecido: Gustavo_Falci
[2025-05-22 13:57:55,173] INFO: Aluno reconhecido: Gustavo_Falci
[2025-05-22 13:57:56,260] INFO: Aluno reconhecido: Gustavo_Falci
[2025-05-22 13:57:57,312] WARNING: Nenhum rosto conhecido encontrado no frame atual.
[2025-05-22 13:57:58,346] WARNING: Nenhum rosto conhecido encontrado no frame atual.
[2025-05-22 13:57:59,411] WARNING: Nenhum rosto conhecido encontrado no frame atual.
[2025-05-22 13:58:00,328] WARNING: Nenhum rosto conhecido encontrado no frame atual.
[2025-05-22 13:58:01,846] WARNING: Nenhum rosto conhecido encontrado no frame atual.
[2025-05-22 13:58:02,695] WARNING: Nenhum rosto conhecido encontrado no frame atual.
[2025-05-22 13:58:04,053] WARNING: Nenhum rosto conhecido encontrado no frame atual.
[2025-05-22 13:58:05,035] INFO: Aluno reconhecido: Gustavo_Falci
[2025-05-22 13:58:06,538] INFO: Aluno reconhecido: Gustavo_Falci
[2025-05-22 13:58:07,377] INFO: Aluno reconhecido: Gustavo_Falci
[2025-05-22 13:58:08,444] INFO: Aluno reconhecido: Gustavo_Falci
[2025-05-22 13:58:09,345] INFO: Aluno reconhecido: Gustavo_Falci
[2025-05-22 13:58:10,482] WARNING: Nenhum rosto conhecido encontrado no frame atual.
[2025-05-22 13:58:11,510] WARNING: Nenhum rosto conhecido encontrado no frame atual.
[2025-05-22 13:58:12,661] INFO: Aluno reconhecido: Gustavo_Falci
[2025-05-22 13:58:13,465] WARNING: Nenhum rosto detectado no frame pelo Rekognition. Continuando...
[2025-05-22 13:58:15,355] WARNING: Nenhum rosto detectado no frame pelo Rekognition. Continuando...
[2025-05-22 13:58:17,393] WARNING: Nenhum rosto detectado no frame pelo Rekognition. Continuando...
[2025-05-22 13:58:17,517] INFO: Tecla ESC pressionada. Encerrando aplicação...
[2025-05-22 13:58:17,517] INFO: Aguardando a thread de processamento do Rekognition finalizar...
[2025-05-22 13:58:18,743] WARNING: Nenhum rosto detectado no frame pelo Rekognition. Continuando...
[2025-05-22 13:58:19,239] INFO: Câmera liberada e janelas destruídas.
[2025-05-22 13:58:19,246] INFO: Relatório CSV salvo como c:\Users\itconsol\Downloads\ProjetoReconhecimento\BackEnd\Relatorios\relatorio_presenca_2025-05-22_13-54.csv
[2025-05-22 13:58:19,250] INFO: Relatório JSON salvo como c:\Users\itconsol\Downloads\ProjetoReconhecimento\BackEnd\Relatorios\relatorio_presenca_2025-05-22_13-54.json
[2025-05-22 13:58:19,251] INFO: Aplicação encerrada.
