[2025-05-26 19:57:55,595] INFO: Found credentials in shared credentials file: ~/.aws/credentials
[2025-05-26 19:57:55,739] INFO: Iniciando aplicação de reconhecimento facial em tempo real...
[2025-05-26 19:57:55,739] INFO: Verificando setup do AWS Rekognition...
[2025-05-26 19:57:55,739] INFO: Região AWS configurada: us-east-1
[2025-05-26 19:57:55,739] INFO: ID da Coleção configurado: sala_de_aula
[2025-05-26 19:57:55,739] INFO: Tentando listar coleções para testar a conexão e permissões básicas...
[2025-05-26 19:57:57,126] INFO: Conexão bem-sucedida! Coleções Rekognition existentes: ['sala_de_aula']
[2025-05-26 19:57:57,161] INFO: Verificando se a coleção 'sala_de_aula' existe...
[2025-05-26 19:57:57,358] INFO: Coleção 'sala_de_aula' encontrada e acessível.
[2025-05-26 19:57:57,358] INFO: Setup da AWS verificado com sucesso. Iniciando reconhecimento...
[2025-05-26 19:58:48,158] WARNING: Nenhum rosto detectado no frame pelo Rekognition. Continuando...
[2025-05-26 19:58:50,146] WARNING: Nenhum rosto conhecido encontrado no frame atual.
[2025-05-26 19:58:51,019] INFO: Aluno reconhecido: Bruno_Silvestre
[2025-05-26 19:58:51,990] INFO: Aluno reconhecido: Bruno_Silvestre
[2025-05-26 19:58:53,085] INFO: Aluno reconhecido: Bruno_Silvestre
[2025-05-26 19:58:53,873] WARNING: Nenhum rosto detectado no frame pelo Rekognition. Continuando...
[2025-05-26 19:58:56,572] WARNING: Nenhum rosto detectado no frame pelo Rekognition. Continuando...
[2025-05-26 19:58:59,228] WARNING: Nenhum rosto conhecido encontrado no frame atual.
[2025-05-26 19:59:00,067] WARNING: Nenhum rosto conhecido encontrado no frame atual.
[2025-05-26 19:59:00,766] WARNING: Nenhum rosto conhecido encontrado no frame atual.
[2025-05-26 19:59:02,196] WARNING: Nenhum rosto conhecido encontrado no frame atual.
[2025-05-26 19:59:02,783] WARNING: Nenhum rosto conhecido encontrado no frame atual.
[2025-05-26 19:59:04,649] INFO: Aluno reconhecido: Gustavo_Falci
[2025-05-26 19:59:05,268] INFO: Aluno reconhecido: Gustavo_Falci
[2025-05-26 19:59:06,302] INFO: Aluno reconhecido: Gustavo_Falci
[2025-05-26 19:59:07,168] WARNING: Nenhum rosto detectado no frame pelo Rekognition. Continuando...
[2025-05-26 19:59:09,784] INFO: Aluno reconhecido: Bruno_Silvestre
[2025-05-26 19:59:10,600] INFO: Aluno reconhecido: Bruno_Silvestre
[2025-05-26 19:59:11,317] INFO: Aluno reconhecido: Bruno_Silvestre
[2025-05-26 19:59:12,447] INFO: Aluno reconhecido: Bruno_Silvestre
[2025-05-26 19:59:13,365] WARNING: Nenhum rosto detectado no frame pelo Rekognition. Continuando...
[2025-05-26 19:59:15,928] WARNING: Nenhum rosto conhecido encontrado no frame atual.
[2025-05-26 19:59:16,502] WARNING: Nenhum rosto detectado no frame pelo Rekognition. Continuando...
[2025-05-26 19:59:18,244] INFO: Tecla ESC pressionada. Encerrando aplicação...
[2025-05-26 19:59:18,244] INFO: Aguardando a thread de processamento do Rekognition finalizar...
[2025-05-26 19:59:18,898] WARNING: Nenhum rosto detectado no frame pelo Rekognition. Continuando...
[2025-05-26 19:59:19,340] INFO: Câmera liberada e janelas destruídas.
[2025-05-26 19:59:19,384] INFO: Relatório CSV salvo como c:\Users\itconsol\Downloads\ProjetoReconhecimento\BackEnd\Relatorios\relatorio_presenca_2025-05-26_19-57.csv
[2025-05-26 19:59:19,419] INFO: Relatório JSON salvo como c:\Users\itconsol\Downloads\ProjetoReconhecimento\BackEnd\Relatorios\relatorio_presenca_2025-05-26_19-57.json
[2025-05-26 19:59:19,456] INFO: Aplicação encerrada.
