[2025-05-26 19:46:13,631] INFO: Found credentials in shared credentials file: ~/.aws/credentials
[2025-05-26 19:46:14,318] INFO: Iniciando aplicação de reconhecimento facial em tempo real...
[2025-05-26 19:46:14,318] INFO: Verificando setup do AWS Rekognition...
[2025-05-26 19:46:14,318] INFO: Região AWS configurada: us-east-1
[2025-05-26 19:46:14,318] INFO: ID da Coleção configurado: sala_de_aula
[2025-05-26 19:46:14,318] INFO: Tentando listar coleções para testar a conexão e permissões básicas...
[2025-05-26 19:46:16,214] INFO: Conexão bem-sucedida! Coleções Rekognition existentes: ['sala_de_aula']
[2025-05-26 19:46:16,214] INFO: Verificando se a coleção 'sala_de_aula' existe...
[2025-05-26 19:46:16,618] INFO: Coleção 'sala_de_aula' encontrada e acessível.
[2025-05-26 19:46:16,618] INFO: Setup da AWS verificado com sucesso. Iniciando reconhecimento...
[2025-05-26 19:47:03,154] WARNING: Nenhum rosto detectado no frame pelo Rekognition. Continuando...
[2025-05-26 19:47:05,206] WARNING: Nenhum rosto detectado no frame pelo Rekognition. Continuando...
[2025-05-26 19:47:07,448] WARNING: Nenhum rosto detectado no frame pelo Rekognition. Continuando...
[2025-05-26 19:47:11,271] WARNING: Nenhum rosto detectado no frame pelo Rekognition. Continuando...
[2025-05-26 19:47:13,839] WARNING: Nenhum rosto detectado no frame pelo Rekognition. Continuando...
[2025-05-26 19:47:16,482] WARNING: Nenhum rosto detectado no frame pelo Rekognition. Continuando...
[2025-05-26 19:47:19,041] WARNING: Nenhum rosto detectado no frame pelo Rekognition. Continuando...
[2025-05-26 19:47:21,311] WARNING: Nenhum rosto detectado no frame pelo Rekognition. Continuando...
[2025-05-26 19:47:23,927] WARNING: Nenhum rosto detectado no frame pelo Rekognition. Continuando...
[2025-05-26 19:47:26,297] WARNING: Nenhum rosto detectado no frame pelo Rekognition. Continuando...
[2025-05-26 19:47:31,438] WARNING: Nenhum rosto detectado no frame pelo Rekognition. Continuando...
[2025-05-26 19:47:34,095] INFO: Aluno reconhecido: Bruno_Silvestre
[2025-05-26 19:47:34,815] INFO: Aluno reconhecido: Bruno_Silvestre
[2025-05-26 19:47:35,738] INFO: Aluno reconhecido: Gustavo_Falci
[2025-05-26 19:47:36,547] WARNING: Nenhum rosto detectado no frame pelo Rekognition. Continuando...
[2025-05-26 19:47:39,732] INFO: Aluno reconhecido: Bruno_Silvestre
[2025-05-26 19:47:40,140] WARNING: Nenhum rosto detectado no frame pelo Rekognition. Continuando...
[2025-05-26 19:47:42,972] WARNING: Nenhum rosto detectado no frame pelo Rekognition. Continuando...
[2025-05-26 19:47:45,317] INFO: Aluno reconhecido: Gustavo_Falci
[2025-05-26 19:47:47,918] INFO: Aluno reconhecido: Gustavo_Falci
[2025-05-26 19:47:48,357] WARNING: Nenhum rosto conhecido encontrado no frame atual.
[2025-05-26 19:47:49,357] WARNING: Nenhum rosto detectado no frame pelo Rekognition. Continuando...
[2025-05-26 19:47:52,149] INFO: Aluno reconhecido: Bruno_Silvestre
[2025-05-26 19:47:52,555] WARNING: Nenhum rosto detectado no frame pelo Rekognition. Continuando...
[2025-05-26 19:47:55,283] WARNING: Nenhum rosto detectado no frame pelo Rekognition. Continuando...
[2025-05-26 19:47:57,140] WARNING: Nenhum rosto detectado no frame pelo Rekognition. Continuando...
[2025-05-26 19:47:58,761] INFO: Tecla ESC pressionada. Encerrando aplicação...
[2025-05-26 19:47:58,761] INFO: Aguardando a thread de processamento do Rekognition finalizar...
[2025-05-26 19:47:59,054] WARNING: Nenhum rosto detectado no frame pelo Rekognition. Continuando...
[2025-05-26 19:47:59,544] INFO: Câmera liberada e janelas destruídas.
[2025-05-26 19:47:59,558] INFO: Relatório CSV salvo como c:\Users\itconsol\Downloads\ProjetoReconhecimento\BackEnd\Relatorios\relatorio_presenca_2025-05-26_19-46.csv
[2025-05-26 19:47:59,573] INFO: Relatório JSON salvo como c:\Users\itconsol\Downloads\ProjetoReconhecimento\BackEnd\Relatorios\relatorio_presenca_2025-05-26_19-46.json
[2025-05-26 19:47:59,577] INFO: Aplicação encerrada.
