[2025-05-26 19:49:42,497] INFO: Found credentials in shared credentials file: ~/.aws/credentials
[2025-05-26 19:49:42,742] INFO: Iniciando aplicação de reconhecimento facial em tempo real...
[2025-05-26 19:49:42,743] INFO: Verificando setup do AWS Rekognition...
[2025-05-26 19:49:42,743] INFO: Região AWS configurada: us-east-1
[2025-05-26 19:49:42,743] INFO: ID da Coleção configurado: sala_de_aula
[2025-05-26 19:49:42,743] INFO: Tentando listar coleções para testar a conexão e permissões básicas...
[2025-05-26 19:49:43,972] INFO: Conexão bem-sucedida! Coleções Rekognition existentes: ['sala_de_aula']
[2025-05-26 19:49:44,005] INFO: Verificando se a coleção 'sala_de_aula' existe...
[2025-05-26 19:49:44,247] INFO: Coleção 'sala_de_aula' encontrada e acessível.
[2025-05-26 19:49:44,269] INFO: Setup da AWS verificado com sucesso. Iniciando reconhecimento...
[2025-05-26 19:50:34,626] WARNING: Nenhum rosto detectado no frame pelo Rekognition. Continuando...
[2025-05-26 19:50:36,570] WARNING: Nenhum rosto detectado no frame pelo Rekognition. Continuando...
[2025-05-26 19:50:39,081] WARNING: Nenhum rosto detectado no frame pelo Rekognition. Continuando...
[2025-05-26 19:50:41,077] INFO: Aluno reconhecido: Gustavo_Falci
[2025-05-26 19:50:41,675] INFO: Aluno reconhecido: Gustavo_Falci
[2025-05-26 19:50:44,224] INFO: Aluno reconhecido: Gustavo_Falci
[2025-05-26 19:50:44,732] INFO: Aluno reconhecido: Gustavo_Falci
[2025-05-26 19:50:46,250] INFO: Tecla ESC pressionada. Encerrando aplicação...
[2025-05-26 19:50:46,253] INFO: Aguardando a thread de processamento do Rekognition finalizar...
[2025-05-26 19:50:46,646] WARNING: Nenhum rosto detectado no frame pelo Rekognition. Continuando...
[2025-05-26 19:50:47,079] INFO: Câmera liberada e janelas destruídas.
[2025-05-26 19:50:47,094] INFO: Relatório CSV salvo como c:\Users\itconsol\Downloads\ProjetoReconhecimento\BackEnd\Relatorios\relatorio_presenca_2025-05-26_19-49.csv
[2025-05-26 19:50:47,114] INFO: Relatório JSON salvo como c:\Users\itconsol\Downloads\ProjetoReconhecimento\BackEnd\Relatorios\relatorio_presenca_2025-05-26_19-49.json
[2025-05-26 19:50:47,122] INFO: Aplicação encerrada.
