[2025-05-22 11:59:43,663] INFO: Found credentials in shared credentials file: ~/.aws/credentials
[2025-05-22 11:59:43,883] INFO: Iniciando aplicação de reconhecimento facial em tempo real...
[2025-05-22 11:59:43,883] INFO: Verificando setup do AWS Rekognition...
[2025-05-22 11:59:43,884] INFO: Região AWS configurada: us-east-1
[2025-05-22 11:59:43,884] INFO: ID da Coleção configurado: sala_de_aula
[2025-05-22 11:59:43,884] INFO: Tentando listar coleções para testar a conexão e permissões básicas...
[2025-05-22 11:59:44,841] INFO: Conexão bem-sucedida! Coleções Rekognition existentes: ['sala_de_aula']
[2025-05-22 11:59:44,842] INFO: Verificando se a coleção 'sala_de_aula' existe...
[2025-05-22 11:59:45,018] INFO: Coleção 'sala_de_aula' encontrada e acessível.
[2025-05-22 11:59:45,018] INFO: Setup da AWS verificado com sucesso. Iniciando reconhecimento...
[2025-05-22 12:00:32,688] INFO: Aluno reconhecido: Gustavo_Falci
[2025-05-22 12:00:33,377] INFO: Aluno reconhecido: Gustavo_Falci
[2025-05-22 12:00:34,485] INFO: Aluno reconhecido: Gustavo_Falci
[2025-05-22 12:00:35,496] INFO: Aluno reconhecido: Gustavo_Falci
[2025-05-22 12:00:36,514] INFO: Aluno reconhecido: Gustavo_Falci
[2025-05-22 12:00:37,500] INFO: Aluno reconhecido: Gustavo_Falci
[2025-05-22 12:00:38,616] INFO: Aluno reconhecido: Gustavo_Falci
[2025-05-22 12:00:39,617] INFO: Aluno reconhecido: Gustavo_Falci
[2025-05-22 12:00:40,607] INFO: Aluno reconhecido: Gustavo_Falci
[2025-05-22 12:00:41,750] INFO: Aluno reconhecido: Gustavo_Falci
[2025-05-22 12:00:42,760] INFO: Aluno reconhecido: Gustavo_Falci
[2025-05-22 12:00:43,724] WARNING: Nenhum rosto detectado no frame pelo Rekognition. Continuando...
[2025-05-22 12:00:45,964] INFO: Aluno reconhecido: Gustavo_Falci
[2025-05-22 12:00:46,291] WARNING: Nenhum rosto detectado no frame pelo Rekognition. Continuando...
[2025-05-22 12:00:48,385] INFO: Aluno reconhecido: Gustavo_Falci
[2025-05-22 12:00:48,923] INFO: Aluno reconhecido: Gustavo_Falci
[2025-05-22 12:00:49,778] WARNING: Nenhum rosto detectado no frame pelo Rekognition. Continuando...
[2025-05-22 12:00:52,095] WARNING: Nenhum rosto detectado no frame pelo Rekognition. Continuando...
[2025-05-22 12:00:54,334] WARNING: Nenhum rosto detectado no frame pelo Rekognition. Continuando...
[2025-05-22 12:00:55,803] INFO: Aluno reconhecido: Gustavo_Falci
[2025-05-22 12:00:56,300] INFO: Aluno reconhecido: Gustavo_Falci
[2025-05-22 12:00:57,309] INFO: Aluno reconhecido: Gustavo_Falci
[2025-05-22 12:00:58,302] INFO: Aluno reconhecido: Gustavo_Falci
[2025-05-22 12:00:59,483] INFO: Aluno reconhecido: Gustavo_Falci
[2025-05-22 12:01:00,724] INFO: Aluno reconhecido: Gustavo_Falci
[2025-05-22 12:01:01,514] INFO: Aluno reconhecido: Gustavo_Falci
[2025-05-22 12:01:02,646] INFO: Aluno reconhecido: Gustavo_Falci
[2025-05-22 12:01:03,645] INFO: Aluno reconhecido: Gustavo_Falci
[2025-05-22 12:01:04,715] WARNING: Nenhum rosto detectado no frame pelo Rekognition. Continuando...
[2025-05-22 12:01:05,485] INFO: Tecla ESC pressionada. Encerrando aplicação...
[2025-05-22 12:01:05,486] INFO: Aguardando a thread de processamento do Rekognition finalizar...
[2025-05-22 12:01:05,867] INFO: Câmera liberada e janelas destruídas.
[2025-05-22 12:01:05,881] INFO: Relatório CSV salvo como c:\Users\itconsol\Downloads\ProjetoReconhecimento\BackEnd\Relatorios\relatorio_presenca_2025-05-22_11-59.csv
[2025-05-22 12:01:05,885] INFO: Relatório JSON salvo como c:\Users\itconsol\Downloads\ProjetoReconhecimento\BackEnd\Relatorios\relatorio_presenca_2025-05-22_11-59.json
[2025-05-22 12:01:05,888] INFO: Aplicação encerrada.
