[2025-05-26 19:54:31,869] INFO: Found credentials in shared credentials file: ~/.aws/credentials
[2025-05-26 19:54:32,064] INFO: Iniciando aplicação de reconhecimento facial em tempo real...
[2025-05-26 19:54:32,064] INFO: Verificando setup do AWS Rekognition...
[2025-05-26 19:54:32,064] INFO: Região AWS configurada: us-east-1
[2025-05-26 19:54:32,064] INFO: ID da Coleção configurado: sala_de_aula
[2025-05-26 19:54:32,064] INFO: Tentando listar coleções para testar a conexão e permissões básicas...
[2025-05-26 19:54:33,234] INFO: Conexão bem-sucedida! Coleções Rekognition existentes: ['sala_de_aula']
[2025-05-26 19:54:33,284] INFO: Verificando se a coleção 'sala_de_aula' existe...
[2025-05-26 19:54:33,498] INFO: Coleção 'sala_de_aula' encontrada e acessível.
[2025-05-26 19:54:33,498] INFO: Setup da AWS verificado com sucesso. Iniciando reconhecimento...
[2025-05-26 19:55:19,850] WARNING: Nenhum rosto detectado no frame pelo Rekognition. Continuando...
[2025-05-26 19:55:21,864] WARNING: Nenhum rosto detectado no frame pelo Rekognition. Continuando...
[2025-05-26 19:55:23,709] WARNING: Nenhum rosto detectado no frame pelo Rekognition. Continuando...
[2025-05-26 19:55:25,812] WARNING: Nenhum rosto detectado no frame pelo Rekognition. Continuando...
[2025-05-26 19:55:27,599] WARNING: Nenhum rosto detectado no frame pelo Rekognition. Continuando...
[2025-05-26 19:55:29,732] INFO: Aluno reconhecido: Bruno_Silvestre
[2025-05-26 19:55:30,186] INFO: Aluno reconhecido: Bruno_Silvestre
[2025-05-26 19:55:31,380] INFO: Aluno reconhecido: Bruno_Silvestre
[2025-05-26 19:55:32,918] INFO: Aluno reconhecido: Bruno_Silvestre
[2025-05-26 19:55:33,721] INFO: Aluno reconhecido: Bruno_Silvestre
[2025-05-26 19:55:34,646] INFO: Aluno reconhecido: Bruno_Silvestre
[2025-05-26 19:55:35,381] WARNING: Nenhum rosto detectado no frame pelo Rekognition. Continuando...
[2025-05-26 19:55:38,398] INFO: Aluno reconhecido: Gustavo_Falci
[2025-05-26 19:55:39,147] INFO: Aluno reconhecido: Gustavo_Falci
[2025-05-26 19:55:40,278] INFO: Aluno reconhecido: Gustavo_Falci
[2025-05-26 19:55:40,994] INFO: Aluno reconhecido: Gustavo_Falci
[2025-05-26 19:55:42,152] INFO: Aluno reconhecido: Gustavo_Falci
[2025-05-26 19:55:43,892] INFO: Aluno reconhecido: Gustavo_Falci
[2025-05-26 19:55:44,521] WARNING: Nenhum rosto detectado no frame pelo Rekognition. Continuando...
[2025-05-26 19:55:46,783] INFO: Aluno reconhecido: Bruno_Silvestre
[2025-05-26 19:55:47,660] INFO: Aluno reconhecido: Bruno_Silvestre
[2025-05-26 19:55:48,378] INFO: Aluno reconhecido: Bruno_Silvestre
[2025-05-26 19:55:49,495] INFO: Aluno reconhecido: Bruno_Silvestre
[2025-05-26 19:55:50,515] INFO: Aluno reconhecido: Bruno_Silvestre
[2025-05-26 19:55:51,317] WARNING: Nenhum rosto detectado no frame pelo Rekognition. Continuando...
[2025-05-26 19:55:54,152] INFO: Aluno reconhecido: Gustavo_Falci
[2025-05-26 19:55:54,924] INFO: Aluno reconhecido: Gustavo_Falci
[2025-05-26 19:55:55,745] INFO: Aluno reconhecido: Gustavo_Falci
[2025-05-26 19:55:56,740] INFO: Aluno reconhecido: Gustavo_Falci
[2025-05-26 19:55:57,787] INFO: Aluno reconhecido: Gustavo_Falci
[2025-05-26 19:55:58,777] INFO: Aluno reconhecido: Gustavo_Falci
[2025-05-26 19:55:59,937] INFO: Aluno reconhecido: Gustavo_Falci
[2025-05-26 19:56:00,851] WARNING: Nenhum rosto detectado no frame pelo Rekognition. Continuando...
[2025-05-26 19:56:03,830] INFO: Aluno reconhecido: Bruno_Silvestre
[2025-05-26 19:56:04,651] INFO: Aluno reconhecido: Bruno_Silvestre
[2025-05-26 19:56:05,472] WARNING: Nenhum rosto detectado no frame pelo Rekognition. Continuando...
[2025-05-26 19:56:09,359] WARNING: Nenhum rosto detectado no frame pelo Rekognition. Continuando...
[2025-05-26 19:56:11,247] WARNING: Nenhum rosto detectado no frame pelo Rekognition. Continuando...
[2025-05-26 19:56:13,162] WARNING: Nenhum rosto detectado no frame pelo Rekognition. Continuando...
[2025-05-26 19:56:15,071] WARNING: Nenhum rosto detectado no frame pelo Rekognition. Continuando...
[2025-05-26 19:56:17,548] WARNING: Nenhum rosto conhecido encontrado no frame atual.
[2025-05-26 19:56:18,470] INFO: Aluno reconhecido: Bruno_Silvestre
[2025-05-26 19:56:18,979] WARNING: Nenhum rosto detectado no frame pelo Rekognition. Continuando...
[2025-05-26 19:56:21,538] INFO: Aluno reconhecido: Gustavo_Falci
[2025-05-26 19:56:22,131] WARNING: Nenhum rosto detectado no frame pelo Rekognition. Continuando...
[2025-05-26 19:56:24,816] INFO: Aluno reconhecido: Bruno_Silvestre
[2025-05-26 19:56:25,521] WARNING: Nenhum rosto conhecido encontrado no frame atual.
[2025-05-26 19:56:26,563] WARNING: Nenhum rosto conhecido encontrado no frame atual.
[2025-05-26 19:56:26,686] INFO: Tecla ESC pressionada. Encerrando aplicação...
[2025-05-26 19:56:26,688] INFO: Aguardando a thread de processamento do Rekognition finalizar...
[2025-05-26 19:56:27,137] INFO: Câmera liberada e janelas destruídas.
[2025-05-26 19:56:27,165] INFO: Relatório CSV salvo como c:\Users\itconsol\Downloads\ProjetoReconhecimento\BackEnd\Relatorios\relatorio_presenca_2025-05-26_19-54.csv
[2025-05-26 19:56:27,177] INFO: Relatório JSON salvo como c:\Users\itconsol\Downloads\ProjetoReconhecimento\BackEnd\Relatorios\relatorio_presenca_2025-05-26_19-54.json
[2025-05-26 19:56:27,197] INFO: Aplicação encerrada.
